[debug] [2022-12-05T12:33:28.050Z] ----------------------------------------------------------------------
[debug] [2022-12-05T12:33:28.051Z] Command:       /usr/local/bin/node /usr/local/bin/firebase init
[debug] [2022-12-05T12:33:28.051Z] CLI Version:   11.16.1
[debug] [2022-12-05T12:33:28.051Z] Platform:      darwin
[debug] [2022-12-05T12:33:28.051Z] Node Version:  v18.12.1
[debug] [2022-12-05T12:33:28.051Z] Time:          Mon Dec 05 2022 21:33:28 GMT+0900 (日本標準時)
[debug] [2022-12-05T12:33:28.052Z] ----------------------------------------------------------------------
[debug] 
[debug] [2022-12-05T12:33:28.053Z] >>> [apiv2][query] GET https://firebase-public.firebaseio.com/cli.json [none]
[debug] [2022-12-05T12:33:28.101Z] > command requires scopes: ["email","openid","https://www.googleapis.com/auth/cloudplatformprojects.readonly","https://www.googleapis.com/auth/firebase","https://www.googleapis.com/auth/cloud-platform"]
[debug] [2022-12-05T12:33:28.102Z] > authorizing via signed-in user (masaki.ttt567@gmail.com)
[info] 
     ######## #### ########  ######## ########     ###     ######  ########
     ##        ##  ##     ## ##       ##     ##  ##   ##  ##       ##
     ######    ##  ########  ######   ########  #########  ######  ######
     ##        ##  ##    ##  ##       ##     ## ##     ##       ## ##
     ##       #### ##     ## ######## ########  ##     ##  ######  ########

You're about to initialize a Firebase project in this directory:

  /Users/masaki/private_workspace/vue3-school-system

Before we get started, keep in mind:

  * You are initializing within an existing Firebase project directory

[debug] [2022-12-05T12:33:28.488Z] <<< [apiv2][status] GET https://firebase-public.firebaseio.com/cli.json 200
[debug] [2022-12-05T12:33:28.488Z] <<< [apiv2][body] GET https://firebase-public.firebaseio.com/cli.json {"cloudBuildErrorAfter":1594252800000,"cloudBuildWarnAfter":1590019200000,"defaultNode10After":1594252800000,"minVersion":"3.0.5","node8DeploysDisabledAfter":1613390400000,"node8RuntimeDisabledAfter":1615809600000,"node8WarnAfter":1600128000000}
